<?xml version="1.0" encoding="UTF-8"?>
<!-- Generated by org.testng.reporters.JUnitXMLReporter -->
<testsuite ignored="0" hostname="DESKTOP-CMMN98B" failures="1" tests="1" name="Surefire test" time="0.194" errors="0" timestamp="2024-01-29T19:39:08 IST">
  <testcase classname="TeatRunner.Test1" name="test" time="0.023">
    <failure type="org.junit.ComparisonFailure" message="expected:&amp;lt;[stsg]&amp;gt; but was:&amp;lt;[ali]&amp;gt;">
      <![CDATA[org.junit.ComparisonFailure: expected:<[stsg]> but was:<[ali]>
at org.junit.Assert.assertEquals(Assert.java:117)
at org.junit.Assert.assertEquals(Assert.java:146)
at TeatRunner.Test1.test(Test1.java:11)
at java.base/java.util.ArrayList.forEach(ArrayList.java:1511)
... Removed 32 stack frames]]>
    </failure>
  </testcase> <!-- test -->
</testsuite> <!-- Surefire test -->
