<?xml version="1.0" encoding="UTF-8"?>
<testng-results ignored="0" total="1" passed="1" failed="0" skipped="0">
  <reporter-output>
  </reporter-output>
  <suite started-at="2024-01-29T09:42:24 IST" name="Surefire suite" finished-at="2024-01-29T09:42:24 IST" duration-ms="120">
    <groups>
    </groups>
    <test started-at="2024-01-29T09:42:24 IST" name="Surefire test" finished-at="2024-01-29T09:42:24 IST" duration-ms="120">
      <class name="TeatRunner.Test1">
        <test-method signature="test()[pri:0, instance:TeatRunner.Test1@60704c]" started-at="2024-01-29T09:42:24 IST" name="test" finished-at="2024-01-29T09:42:24 IST" duration-ms="13" status="PASS">
          <reporter-output>
          </reporter-output>
        </test-method> <!-- test -->
      </class> <!-- TeatRunner.Test1 -->
    </test> <!-- Surefire test -->
  </suite> <!-- Surefire suite -->
</testng-results>
